<?xml version="1.0" encoding="UTF-8"?>
<testsuite name="parking.ParkingLotTest" tests="7" skipped="0" failures="0" errors="0" timestamp="2019-11-28T11:12:58" hostname="CNqingchen" time="0.008">
  <properties/>
  <testcase name="should_throw_invalid_ticket_exception_when_pick_up_car_from_a_parking_lot_parked_your_car_with_using_a_valid_ticket_twice()" classname="parking.ParkingLotTest" time="0.003"/>
  <testcase name="should_return_your_two_cars_when_pick_up_car_from_a_parking_lot_parked_your_car_with_two_different_tickets()" classname="parking.ParkingLotTest" time="0.0"/>
  <testcase name="should_return_your_car_when_pick_up_car_from_a_parking_lot_parked_your_car()" classname="parking.ParkingLotTest" time="0.0"/>
  <testcase name="should_return_two_different_tickets_when_park_two_cars_into_the_parking_lot_has_space()" classname="parking.ParkingLotTest" time="0.0"/>
  <testcase name="should_throw_no_more_space_exception_when_park_the_car_into_the_parking_lot_has_no_space()" classname="parking.ParkingLotTest" time="0.0"/>
  <testcase name="should_throw_invalid_ticket_exception_when_pick_up_car_from_a_parking_lot_parked_your_car_with_using_a_invalid_ticket()" classname="parking.ParkingLotTest" time="0.001"/>
  <testcase name="should_return_a_ticket_when_park_the_car_into_the_parking_lot_has_space()" classname="parking.ParkingLotTest" time="0.0"/>
  <system-out><![CDATA[]]></system-out>
  <system-err><![CDATA[]]></system-err>
</testsuite>
