<?xml version="1.0" encoding="UTF-8"?>
<testsuite name="parking.SmartParkingBoyTest" tests="7" skipped="0" failures="0" errors="0" timestamp="2019-11-28T11:12:58" hostname="CNqingchen" time="0.039">
  <properties/>
  <testcase name="should_return_a_car_when_pick_up_car_having_smart_parking_boy_who_has_a_parking_lot_with_parking_my_car()" classname="parking.SmartParkingBoyTest" time="0.031"/>
  <testcase name="should_throw_no_more_space_exception_when_smart_park_boy_park_car_given_full_park_lot()" classname="parking.SmartParkingBoyTest" time="0.005"/>
  <testcase name="should_return_a_ticket_exception_when_park_car_having_smart_parking_boy_having_two_the_same_space_park_lots()" classname="parking.SmartParkingBoyTest" time="0.001"/>
  <testcase name="should_throw_no_more_space_exception_when_park_car_having_smart_parking_boy_having_no_space_park_lot()" classname="parking.SmartParkingBoyTest" time="0.0"/>
  <testcase name="should_return_a_ticket_in_most_space_parking_lot_when_park_car_having_smart_parking_boy_having__two_different_space_park_lots()" classname="parking.SmartParkingBoyTest" time="0.0"/>
  <testcase name="should_return_a_ticket_when_park_car_having_smart_parking_boy_having_a_space_park_lot()" classname="parking.SmartParkingBoyTest" time="0.0"/>
  <testcase name="should_throw_invalid_ticket_exception_when_smart_parking_boy_pick_up_given_fake_ticket()" classname="parking.SmartParkingBoyTest" time="0.0"/>
  <system-out><![CDATA[true
false
]]></system-out>
  <system-err><![CDATA[]]></system-err>
</testsuite>
